<?xml version="1.0" encoding="UTF-8"?>
<!-- Generated by org.testng.reporters.JUnitReportReporter -->
<testsuite skipped="0" hostname="Krishanu-PC" name="fileUpload_Download_Robot.FileDownload_WORobot" tests="1" failures="0" timestamp="21 Oct 2018 17:13:52 GMT" time="121.800" errors="0">
  <testcase name="setUp" time="121.800" classname="fileUpload_Download_Robot.FileDownload_WORobot"/>
</testsuite> <!-- fileUpload_Download_Robot.FileDownload_WORobot -->
