<?xml version="1.0" encoding="UTF-8"?>
<!-- Generated by org.testng.reporters.JUnitReportReporter -->
<testsuite skipped="0" hostname="Krishanu-PC" name="selPackage_3_4.MultipleWindowsHandling" tests="2" failures="0" timestamp="28 Oct 2018 18:12:32 GMT" time="80.156" errors="0">
  <testcase name="test_Naukri" time="59.622" classname="selPackage_3_4.MultipleWindowsHandling"/>
  <testcase name="test_One" time="20.534" classname="selPackage_3_4.MultipleWindowsHandling"/>
</testsuite> <!-- selPackage_3_4.MultipleWindowsHandling -->
