<?xml version="1.0" encoding="UTF-8"?>
<!-- Generated by org.testng.reporters.JUnitReportReporter -->
<testsuite skipped="0" hostname="Krishanu-PC" name="fileUpload_Download_Robot.RobotTest" tests="1" failures="0" timestamp="20 Oct 2018 14:24:04 GMT" time="15.162" errors="0">
  <testcase name="robotTest" time="15.162" classname="fileUpload_Download_Robot.RobotTest"/>
</testsuite> <!-- fileUpload_Download_Robot.RobotTest -->
