<?xml version="1.0" encoding="UTF-8"?>
<!-- Generated by org.testng.reporters.JUnitReportReporter -->
<testsuite skipped="0" hostname="Krishanu-PC" name="selPackage_3_4.Waits" tests="1" failures="0" timestamp="2019-09-15T23:21:45 IST" time="24.990" errors="0">
  <testcase name="customExpectedCondition" time="24.990" classname="selPackage_3_4.Waits"/>
</testsuite> <!-- selPackage_3_4.Waits -->
