<?xml version="1.0" encoding="UTF-8"?>
<!-- Generated by org.testng.reporters.JUnitReportReporter -->
<testsuite skipped="0" hostname="Krishanu-PC" name="selPackage_3_4.AssertionScripts" tests="1" failures="0" timestamp="25 Nov 2017 09:53:46 GMT" time="0.012" errors="0">
  <testcase name="assertMethod4" time="0.012" classname="selPackage_3_4.AssertionScripts"/>
</testsuite> <!-- selPackage_3_4.AssertionScripts -->
