<?xml version="1.0" encoding="UTF-8"?>
<!-- Generated by org.testng.reporters.JUnitReportReporter -->
<testsuite skipped="0" hostname="Krishanu-PC" name="selPackage_3_4.DataDrivenFramewok" tests="4" failures="0" timestamp="16 Jul 2017 15:12:16 GMT" time="52.116" errors="0">
  <testcase name="testFireFox" time="10.896" classname="selPackage_3_4.DataDrivenFramewok"/>
  <testcase name="testFireFox" time="11.176" classname="selPackage_3_4.DataDrivenFramewok"/>
  <testcase name="testFireFox" time="12.642" classname="selPackage_3_4.DataDrivenFramewok"/>
  <testcase name="testFireFox" time="17.402" classname="selPackage_3_4.DataDrivenFramewok"/>
</testsuite> <!-- selPackage_3_4.DataDrivenFramewok -->
