<?xml version="1.0" encoding="UTF-8"?>
<!-- Generated by org.testng.reporters.JUnitReportReporter -->
<testsuite skipped="0" hostname="Krishanu-PC" name="selPackage_3_4.Handling_WebTable_Calendar" tests="1" failures="0" timestamp="15 Apr 2019 18:09:51 GMT" time="4.400" errors="0">
  <testcase name="datePickerUsingList" time="4.400" classname="selPackage_3_4.Handling_WebTable_Calendar"/>
</testsuite> <!-- selPackage_3_4.Handling_WebTable_Calendar -->
