<?xml version="1.0" encoding="UTF-8"?>
<!-- Generated by org.testng.reporters.JUnitReportReporter -->
<testsuite skipped="0" hostname="Krishanu-PC" name="selPackage_3_4.VerifyPageTitle" tests="1" failures="0" timestamp="25 Nov 2017 16:13:53 GMT" time="7.929" errors="0">
  <testcase name="verifyPageTitle" time="7.929" classname="selPackage_3_4.VerifyPageTitle"/>
</testsuite> <!-- selPackage_3_4.VerifyPageTitle -->
