<?xml version="1.0" encoding="UTF-8"?>
<!-- Generated by org.testng.reporters.JUnitReportReporter -->
<testsuite skipped="0" hostname="Krishanu-PC" name="crossBrowserTesting.TestNGConcept" tests="1" failures="0" timestamp="2019-09-29T23:09:58 IST" time="0.000" errors="0">
  <testcase name="test" time="0.000" classname="crossBrowserTesting.TestNGConcept"/>
</testsuite> <!-- crossBrowserTesting.TestNGConcept -->
