<?xml version="1.0" encoding="UTF-8"?>
<!-- Generated by org.testng.reporters.JUnitReportReporter -->
<testsuite skipped="0" hostname="Krishanu-PC" name="mobileAutomation.MobEmulation" tests="1" failures="0" timestamp="2019-09-25T00:49:18 IST" time="7.391" errors="0">
  <testcase name="launchGoogleOnEmulator" time="7.391" classname="mobileAutomation.MobEmulation"/>
</testsuite> <!-- mobileAutomation.MobEmulation -->
