<?xml version="1.0" encoding="UTF-8"?>
<!-- Generated by org.testng.reporters.JUnitReportReporter -->
<testsuite skipped="0" hostname="Krishanu-PC" name="crossBrowserTesting.VerifyPageTitle" tests="3" failures="0" timestamp="25 May 2018 06:19:24 GMT" time="181.227" errors="0">
  <testcase name="verifyPageTitle" time="60.646" classname="crossBrowserTesting.VerifyPageTitle"/>
  <testcase name="verifyPageTitle" time="48.637" classname="crossBrowserTesting.VerifyPageTitle"/>
  <testcase name="verifyPageTitle" time="71.944" classname="crossBrowserTesting.VerifyPageTitle"/>
</testsuite> <!-- crossBrowserTesting.VerifyPageTitle -->
