<?xml version="1.0" encoding="UTF-8"?>
<!-- Generated by org.testng.reporters.JUnitReportReporter -->
<testsuite skipped="0" hostname="Krishanu-PC" name="fileUpload_Download_Robot.FileUpload" tests="1" failures="0" timestamp="20 Oct 2018 16:37:13 GMT" time="37.496" errors="0">
  <testcase name="upload" time="37.496" classname="fileUpload_Download_Robot.FileUpload"/>
</testsuite> <!-- fileUpload_Download_Robot.FileUpload -->
