<?xml version="1.0" encoding="UTF-8"?>
<!-- Generated by org.testng.reporters.JUnitReportReporter -->
<testsuite skipped="0" hostname="Krishanu-PC" name="selPackage_3_4.Actions_MouseMovemnt" tests="1" failures="0" timestamp="14 Apr 2019 17:44:20 GMT" time="5.463" errors="0">
  <testcase name="dragAndDrop" time="5.463" classname="selPackage_3_4.Actions_MouseMovemnt"/>
</testsuite> <!-- selPackage_3_4.Actions_MouseMovemnt -->
