<?xml version="1.0" encoding="UTF-8"?>
<!-- Generated by org.testng.reporters.JUnitReportReporter -->
<testsuite skipped="0" hostname="Krishanu-PC" name="dataDrivenFramework_TestNG.DataDrivenTest" tests="3" failures="0" timestamp="29 Apr 2018 16:52:54 GMT" time="71.578" errors="0">
  <testcase name="Test" time="12.083" classname="dataDrivenFramework_TestNG.DataDrivenTest"/>
  <testcase name="Test" time="13.923" classname="dataDrivenFramework_TestNG.DataDrivenTest"/>
  <testcase name="Test" time="45.572" classname="dataDrivenFramework_TestNG.DataDrivenTest"/>
</testsuite> <!-- dataDrivenFramework_TestNG.DataDrivenTest -->
