<?xml version="1.0" encoding="UTF-8"?>
<!-- Generated by org.testng.reporters.JUnitReportReporter -->
<testsuite skipped="0" hostname="Krishanu-PC" name="fileUpload_AutoIT.FileDownload" tests="1" failures="0" timestamp="20 Oct 2018 06:36:59 GMT" time="21.784" errors="0">
  <testcase name="fileDownload" time="21.784" classname="fileUpload_AutoIT.FileDownload"/>
</testsuite> <!-- fileUpload_AutoIT.FileDownload -->
