<?xml version="1.0" encoding="UTF-8"?>
<!-- Generated by org.testng.reporters.JUnitReportReporter -->
<testsuite skipped="1" hostname="Krishanu-PC" name="selPackage_3_4.AlertHandling" tests="2" failures="0" timestamp="28 Jul 2019 16:34:45 GMT" time="20.654" errors="0">
  <testcase name="alertTestTwo" time="20.654" classname="selPackage_3_4.AlertHandling"/>
  <testcase name="alertTestOne" classname="selPackage_3_4.AlertHandling">
    <skipped/>
  </testcase> <!-- alertTestOne -->
</testsuite> <!-- selPackage_3_4.AlertHandling -->
