<?xml version="1.0" encoding="UTF-8"?>
<!-- Generated by org.testng.reporters.JUnitReportReporter -->
<testsuite skipped="0" hostname="Krishanu-PC" name="crossBrowserTesting.TestNGGroupsConcept" tests="7" failures="0" timestamp="10 Apr 2019 16:46:01 GMT" time="0.022" errors="0">
  <testcase name="accessAdminPage" time="0.010" classname="crossBrowserTesting.TestNGGroupsConcept"/>
  <testcase name="accessHomePage" time="0.000" classname="crossBrowserTesting.TestNGGroupsConcept"/>
  <testcase name="openFileDialog" time="0.002" classname="crossBrowserTesting.TestNGGroupsConcept"/>
  <testcase name="openConfirmationDialog" time="0.000" classname="crossBrowserTesting.TestNGGroupsConcept"/>
  <testcase name="testInsert" time="0.000" classname="crossBrowserTesting.TestNGGroupsConcept"/>
  <testcase name="testDelete" time="0.000" classname="crossBrowserTesting.TestNGGroupsConcept"/>
  <testcase name="testUpdate" time="0.010" classname="crossBrowserTesting.TestNGGroupsConcept"/>
</testsuite> <!-- crossBrowserTesting.TestNGGroupsConcept -->
