<?xml version="1.0" encoding="UTF-8"?>
<!-- Generated by org.testng.reporters.JUnitReportReporter -->
<testsuite skipped="0" hostname="Krishanu-PC" name="fileUpload_Download_Robot.FileDownload" tests="1" failures="0" timestamp="21 Oct 2018 17:53:34 GMT" time="17.534" errors="0">
  <testcase name="download" time="17.534" classname="fileUpload_Download_Robot.FileDownload"/>
</testsuite> <!-- fileUpload_Download_Robot.FileDownload -->
