<?xml version="1.0" encoding="UTF-8"?>
<!-- Generated by org.testng.reporters.JUnitReportReporter -->
<testsuite skipped="0" hostname="Krishanu-PC" name="fileUpload_AutoIT.FileUpload" tests="1" failures="0" timestamp="18 Oct 2018 16:03:26 GMT" time="133.116" errors="0">
  <testcase name="upload" time="133.116" classname="fileUpload_AutoIT.FileUpload"/>
</testsuite> <!-- fileUpload_AutoIT.FileUpload -->
