<?xml version="1.0" encoding="UTF-8"?>
<!-- Generated by org.testng.reporters.JUnitReportReporter -->
<testsuite skipped="0" hostname="Krishanu-PC" name="fileUpload_AutoIT.FileUpload_multiple" tests="1" failures="0" timestamp="19 Oct 2018 07:32:24 GMT" time="9.536" errors="0">
  <testcase name="multipleFileUpload" time="9.536" classname="fileUpload_AutoIT.FileUpload_multiple"/>
</testsuite> <!-- fileUpload_AutoIT.FileUpload_multiple -->
